c:\users\phamc\downloads\source-caro\source-caro\source-caro\source caro\caro\debug\caro.pch
c:\users\phamc\downloads\source-caro\source-caro\source-caro\source caro\caro\debug\vc143.pdb
c:\users\phamc\downloads\source-caro\source-caro\source-caro\source caro\caro\debug\vc143.idb
c:\users\phamc\downloads\source-caro\source-caro\source-caro\source caro\caro\debug\stdafx.obj
c:\users\phamc\downloads\source-caro\source-caro\source-caro\source caro\caro\debug\caro_class.obj
c:\users\phamc\downloads\source-caro\source-caro\source-caro\source caro\caro\debug\caro.obj
c:\users\phamc\downloads\source-caro\source-caro\source-caro\source caro\caro\debug\caro.res
c:\users\phamc\downloads\source-caro\source-caro\source-caro\source caro\caro\debug\caro.ilk
c:\users\phamc\downloads\source-caro\source-caro\source-caro\source caro\caro\debug\caro.obj.enc
c:\users\phamc\downloads\source-caro\source-caro\source-caro\source caro\debug\caro.pdb
c:\users\phamc\downloads\source-caro\source-caro\source-caro\source caro\debug\caro.exe
c:\users\phamc\downloads\source-caro\source-caro\source-caro\source caro\caro\debug\caro.tlog\cl.command.1.tlog
c:\users\phamc\downloads\source-caro\source-caro\source-caro\source caro\caro\debug\caro.tlog\cl.items.tlog
c:\users\phamc\downloads\source-caro\source-caro\source-caro\source caro\caro\debug\caro.tlog\cl.read.1.tlog
c:\users\phamc\downloads\source-caro\source-caro\source-caro\source caro\caro\debug\caro.tlog\cl.write.1.tlog
c:\users\phamc\downloads\source-caro\source-caro\source-caro\source caro\caro\debug\caro.tlog\link.command.1.tlog
c:\users\phamc\downloads\source-caro\source-caro\source-caro\source caro\caro\debug\caro.tlog\link.read.1.tlog
c:\users\phamc\downloads\source-caro\source-caro\source-caro\source caro\caro\debug\caro.tlog\link.secondary.1.tlog
c:\users\phamc\downloads\source-caro\source-caro\source-caro\source caro\caro\debug\caro.tlog\link.write.1.tlog
c:\users\phamc\downloads\source-caro\source-caro\source-caro\source caro\caro\debug\caro.tlog\rc.command.1.tlog
c:\users\phamc\downloads\source-caro\source-caro\source-caro\source caro\caro\debug\caro.tlog\rc.read.1.tlog
c:\users\phamc\downloads\source-caro\source-caro\source-caro\source caro\caro\debug\caro.tlog\rc.write.1.tlog
